Using pre-set license
Built from '2021.1/release' branch; Version is '2021.1.0f1 (61a549675243) revision 6399305'; Using compiler version '192528614'; Build Type 'Release'
OS: 'Windows 10 Pro; OS build 19042.985; Version 2009; 64bit' Language: 'en' Physical Memory: 16332 MB
BatchMode: 1, IsHumanControllingUs: 0, StartBugReporterOnCrash: 0, Is64bit: 1, IsPro: 0

 COMMAND LINE ARGUMENTS:
C:\Program Files\Unity\Hub\Editor\2021.1.0f1\Editor\Unity.exe
-adb2
-batchMode
-noUpm
-name
AssetImportWorker0
-projectPath
C:/Users/Sean/Desktop/ECS189L/KindaHot_Deploy/KindaHot
-logFile
Logs/AssetImportWorker0.log
-srvPort
59045
Successfully changed project path to: C:/Users/Sean/Desktop/ECS189L/KindaHot_Deploy/KindaHot
C:/Users/Sean/Desktop/ECS189L/KindaHot_Deploy/KindaHot
Using Asset Import Pipeline V2.
Refreshing native plugins compatible for Editor in 36.46 ms, found 0 plugins.
Preloading 0 native plugins for Editor in 0.00 ms.
Initialize engine version: 2021.1.0f1 (61a549675243)
[Subsystems] Discovering subsystems at path C:/Program Files/Unity/Hub/Editor/2021.1.0f1/Editor/Data/Resources/UnitySubsystems
[Subsystems] Discovering subsystems at path C:/Users/Sean/Desktop/ECS189L/KindaHot_Deploy/KindaHot/Assets
GfxDevice: creating device client; threaded=0; jobified=0
Direct3D:
    Version:  Direct3D 11.0 [level 11.1]
    Renderer: NVIDIA GeForce RTX 2060 (ID=0x1f08)
    Vendor:   NVIDIA
    VRAM:     5980 MB
    Driver:   27.21.14.6172
Initialize mono
Mono path[0] = 'C:/Program Files/Unity/Hub/Editor/2021.1.0f1/Editor/Data/Managed'
Mono path[1] = 'C:/Program Files/Unity/Hub/Editor/2021.1.0f1/Editor/Data/MonoBleedingEdge/lib/mono/unityjit'
Mono config path = 'C:/Program Files/Unity/Hub/Editor/2021.1.0f1/Editor/Data/MonoBleedingEdge/etc'
Using monoOptions --debugger-agent=transport=dt_socket,embedding=1,server=y,suspend=n,address=127.0.0.1:56824
Begin MonoManager ReloadAssembly
Registering precompiled unity dll's ...
Register platform support module: C:/Program Files/Unity/Hub/Editor/2021.1.0f1/Editor/Data/PlaybackEngines/WindowsStandaloneSupport/UnityEditor.WindowsStandalone.Extensions.dll
Registered in 0.001500 seconds.
Native extension for WindowsStandalone target not found
Refreshing native plugins compatible for Editor in 35.17 ms, found 0 plugins.
Preloading 0 native plugins for Editor in 0.00 ms.
Mono: successfully reloaded assembly
- Completed reload, in  0.864 seconds
Platform modules already initialized, skipping
Registering precompiled user dll's ...
Registered in 0.001420 seconds.
Begin MonoManager ReloadAssembly
Native extension for WindowsStandalone target not found
Refreshing native plugins compatible for Editor in 35.38 ms, found 0 plugins.
Preloading 0 native plugins for Editor in 0.00 ms.
Mono: successfully reloaded assembly
- Completed reload, in  1.388 seconds
Platform modules already initialized, skipping
========================================================================
Worker process is ready to serve import requests
Launched and connected shader compiler UnityShaderCompiler.exe after 0.03 seconds
Refreshing native plugins compatible for Editor in 0.49 ms, found 0 plugins.
Preloading 0 native plugins for Editor in 0.00 ms.
Unloading 2007 Unused Serialized files (Serialized files now loaded: 0)
System memory in use before: 190.4 MB.
System memory in use after: 190.5 MB.

Unloading 12 unused Assets to reduce memory usage. Loaded Objects now: 2495.
Total: 2.311700 ms (FindLiveObjects: 0.225800 ms CreateObjectMapping: 0.048600 ms MarkObjects: 2.014400 ms  DeleteObjects: 0.021700 ms)

========================================================================
Received Import Request.
  path: Assets/rp_eric_rigged_001_mask01.jpg
  artifactKey: Guid(640b8a175845c9b4e8f303a5c9beabe9) Importer(815301076,1909f56bfc062723c751e8b465ee728b)
Start importing Assets/rp_eric_rigged_001_mask01.jpg using Guid(640b8a175845c9b4e8f303a5c9beabe9) Importer(815301076,1909f56bfc062723c751e8b465ee728b)  -> (artifact id: 'd9d6a980191a5d34fe9db2367f01469b') in 0.081254 seconds 
========================================================================
Received Import Request.
  Time since last request: 0.000226 seconds.
  path: Assets/GunMetal.mat
  artifactKey: Guid(144388c195fe730468eab074968894e0) Importer(815301076,1909f56bfc062723c751e8b465ee728b)
Start importing Assets/GunMetal.mat using Guid(144388c195fe730468eab074968894e0) Importer(815301076,1909f56bfc062723c751e8b465ee728b)  -> (artifact id: 'bc53429598fd1108b72ddc43f75f53fe') in 0.060582 seconds 
========================================================================
Received Import Request.
  Time since last request: 0.000136 seconds.
  path: Assets/rp_eric_rigged_001_dif.jpg
  artifactKey: Guid(54fcc28898924af4496e1b74ef74a3be) Importer(815301076,1909f56bfc062723c751e8b465ee728b)
Start importing Assets/rp_eric_rigged_001_dif.jpg using Guid(54fcc28898924af4496e1b74ef74a3be) Importer(815301076,1909f56bfc062723c751e8b465ee728b)  -> (artifact id: '299cdbd845c02fdebfb30bb139971eff') in 0.017579 seconds 
========================================================================
Received Import Request.
  Time since last request: 0.000163 seconds.
  path: Assets/rp_eric_rigged_001_gloss.jpg
  artifactKey: Guid(8761342a371e9ee4e98f8af8eb87d7a3) Importer(815301076,1909f56bfc062723c751e8b465ee728b)
Start importing Assets/rp_eric_rigged_001_gloss.jpg using Guid(8761342a371e9ee4e98f8af8eb87d7a3) Importer(815301076,1909f56bfc062723c751e8b465ee728b)  -> (artifact id: '650c8b50f3b23450bbf4b0a26e8d980b') in 0.018117 seconds 
========================================================================
Received Import Request.
  Time since last request: 0.000165 seconds.
  path: Assets/GlossyBlack.mat
  artifactKey: Guid(091b5e6d6897c914e979fc5bdf7cc1f1) Importer(815301076,1909f56bfc062723c751e8b465ee728b)
Start importing Assets/GlossyBlack.mat using Guid(091b5e6d6897c914e979fc5bdf7cc1f1) Importer(815301076,1909f56bfc062723c751e8b465ee728b)  -> (artifact id: '33614553b69bed4df5048b5d27a092cb') in 0.134652 seconds 
========================================================================
Received Import Request.
  Time since last request: 0.000170 seconds.
  path: Assets/GlossyWhite.mat
  artifactKey: Guid(036abcf200bc0b14b99007c41deb4851) Importer(815301076,1909f56bfc062723c751e8b465ee728b)
Start importing Assets/GlossyWhite.mat using Guid(036abcf200bc0b14b99007c41deb4851) Importer(815301076,1909f56bfc062723c751e8b465ee728b)  -> (artifact id: '3bb1d185ed26dd0cd89bfa0a6c417e73') in 0.013545 seconds 
========================================================================
Received Import Request.
  Time since last request: 0.000170 seconds.
  path: Assets/mg61_low_vz61-Atex_AlbedoTransparency.png
  artifactKey: Guid(faf41209d387ea0419b4863746e0a3af) Importer(815301076,1909f56bfc062723c751e8b465ee728b)
Start importing Assets/mg61_low_vz61-Atex_AlbedoTransparency.png using Guid(faf41209d387ea0419b4863746e0a3af) Importer(815301076,1909f56bfc062723c751e8b465ee728b)  -> (artifact id: '1c092d52e2e59df2517a791dba1c18b6') in 0.020205 seconds 
========================================================================
Received Import Request.
  Time since last request: 0.000142 seconds.
  path: Assets/Gun_Metal_Scratched_001_METAL.jpg
  artifactKey: Guid(e27ca0544a5464240ae29c0be044a403) Importer(815301076,1909f56bfc062723c751e8b465ee728b)
Start importing Assets/Gun_Metal_Scratched_001_METAL.jpg using Guid(e27ca0544a5464240ae29c0be044a403) Importer(815301076,1909f56bfc062723c751e8b465ee728b)  -> (artifact id: '2e8f6832a70b1c9f59f8d66742618769') in 0.008632 seconds 
========================================================================
Received Import Request.
  Time since last request: 0.000154 seconds.
  path: Assets/rp_eric_rigged_001_mask02.jpg
  artifactKey: Guid(c137a45a347c35d4bb383a7e1e8c23f0) Importer(815301076,1909f56bfc062723c751e8b465ee728b)
Start importing Assets/rp_eric_rigged_001_mask02.jpg using Guid(c137a45a347c35d4bb383a7e1e8c23f0) Importer(815301076,1909f56bfc062723c751e8b465ee728b)  -> (artifact id: 'e32099e31e0346188585d021e910e50e') in 0.015578 seconds 
========================================================================
Received Import Request.
  Time since last request: 0.000140 seconds.
  path: Assets/rp_eric_rigged_001_norm.jpg
  artifactKey: Guid(55a4d5c0ad5d43644a7f006f3ce33168) Importer(815301076,1909f56bfc062723c751e8b465ee728b)
Start importing Assets/rp_eric_rigged_001_norm.jpg using Guid(55a4d5c0ad5d43644a7f006f3ce33168) Importer(815301076,1909f56bfc062723c751e8b465ee728b)  -> (artifact id: 'ed13b91cd61e90a081881dcf37edd5b4') in 0.015080 seconds 
========================================================================
Received Import Request.
  Time since last request: 446.766220 seconds.
  path: Assets/ManNeko_Assets/Adventurer Blake/Prefab/Player.prefab
  artifactKey: Guid(854ea627aa5a8ad42be2fcbdc2fc21ff) Importer(815301076,1909f56bfc062723c751e8b465ee728b)
Start importing Assets/ManNeko_Assets/Adventurer Blake/Prefab/Player.prefab using Guid(854ea627aa5a8ad42be2fcbdc2fc21ff) Importer(815301076,1909f56bfc062723c751e8b465ee728b) Asset 'MainAnimationController': Transition 'dead -> Exit' in state 'dead' doesn't have an Exit Time or any condition, transition will be ignored
UnityEngine.StackTraceUtility:ExtractStackTrace ()
UnityEditor.EditorUtility:Internal_InstantiateRemoveAllNonAnimationComponentsSingle (UnityEngine.Object,UnityEngine.Vector3,UnityEngine.Quaternion)
UnityEditor.EditorUtility:InstantiateRemoveAllNonAnimationComponents (UnityEngine.Object,UnityEngine.Vector3,UnityEngine.Quaternion)
UnityEditor.EditorUtility:InstantiateForAnimatorPreview (UnityEngine.Object)
UnityEditor.GameObjectInspector/PreviewData:UpdateGameObject (UnityEngine.Object)
UnityEditor.GameObjectInspector/PreviewData:.ctor (UnityEngine.Object)
UnityEditor.GameObjectInspector:GetPreviewData ()
UnityEditor.GameObjectInspector:RenderStaticPreview (string,UnityEngine.Object[],int,int)
UnityEditor.AssetPreviewUpdater:CreatePreview (UnityEngine.Object,UnityEngine.Object[],string,int,int)
UnityEditor.AssetPreviewUpdater:CreatePreviewForAsset (UnityEngine.Object,UnityEngine.Object[],string)

[C:\buildslave\unity\build\Editor/Src/Animation/StateMachine.cpp line 1847]

 -> (artifact id: '02f8c294c1d5ccb8213e0f06ec953c19') in 0.180921 seconds 
========================================================================
Received Prepare
Registering precompiled user dll's ...
Registered in 0.001290 seconds.
Begin MonoManager ReloadAssembly
Native extension for WindowsStandalone target not found
Refreshing native plugins compatible for Editor in 0.42 ms, found 0 plugins.
Preloading 0 native plugins for Editor in 0.00 ms.
Mono: successfully reloaded assembly
- Completed reload, in  0.770 seconds
Platform modules already initialized, skipping
Refreshing native plugins compatible for Editor in 0.40 ms, found 0 plugins.
Preloading 0 native plugins for Editor in 0.00 ms.
Unloading 1990 Unused Serialized files (Serialized files now loaded: 0)
System memory in use before: 226.7 MB.
System memory in use after: 226.9 MB.

Unloading 7 unused Assets to reduce memory usage. Loaded Objects now: 2645.
Total: 2.187300 ms (FindLiveObjects: 0.240500 ms CreateObjectMapping: 0.050800 ms MarkObjects: 1.878000 ms  DeleteObjects: 0.016400 ms)

AssetImportWorkerClient::OnTransportError - code=2 error=End of file
